#
# There is insufficient memory for the Java Runtime Environment to continue.
# Native memory allocation (malloc) failed to allocate 1048576 bytes for AllocateHeap
# Possible reasons:
#   The system is out of physical RAM or swap space
#   The process is running with CompressedOops enabled, and the Java Heap may be blocking the growth of the native heap
# Possible solutions:
#   Reduce memory load on the system
#   Increase physical memory or swap space
#   Check if swap backing store is full
#   Decrease Java heap size (-Xmx/-Xms)
#   Decrease number of Java threads
#   Decrease Java thread stack sizes (-Xss)
#   Set larger code cache with -XX:ReservedCodeCacheSize=
#   JVM is running with Unscaled Compressed Oops mode in which the Java heap is
#     placed in the first 4GB address space. The Java Heap base address is the
#     maximum limit for the native heap growth. Please use -XX:HeapBaseMinAddress
#     to set the Java Heap base and to place the Java Heap above 4GB virtual address.
# This output file may be truncated or incomplete.
#
#  Out of Memory Error (allocation.cpp:44), pid=22252, tid=14080
#
# JRE version:  (17.0.9+7) (build )
# Java VM: OpenJDK 64-Bit Server VM (17.0.9+7-b1000.46, mixed mode, sharing, tiered, compressed oops, compressed class ptrs, g1 gc, windows-amd64)
# No core dump will be written. Minidumps are not enabled by default on client versions of Windows
#

---------------  S U M M A R Y ------------

Command Line: git4idea.http.GitAskPassApp Password for 'https://cassiopei3@bitbucket.org': 

Host: 12th Gen Intel(R) Core(TM) i7-12700H, 20 cores, 15G,  Windows 11 , 64 bit Build 22621 (10.0.22621.2506)
Time: Tue Dec 19 12:45:07 2023 FLE Standard Time elapsed time: 0.007440 seconds (0d 0h 0m 0s)

---------------  T H R E A D  ---------------

Current thread (0x00000280eecf8df0):  JavaThread "Unknown thread" [_thread_in_vm, id=14080, stack(0x000000e447b00000,0x000000e447c00000)]

Stack: [0x000000e447b00000,0x000000e447c00000]
Native frames: (J=compiled Java code, j=interpreted, Vv=VM code, C=native code)
V  [jvm.dll+0x6886e9]
V  [jvm.dll+0x841e4a]
V  [jvm.dll+0x843a8e]
V  [jvm.dll+0x8440f3]
V  [jvm.dll+0x24c14f]
V  [jvm.dll+0xa6b5b]
V  [jvm.dll+0x2de924]
V  [jvm.dll+0x8129bc]
V  [jvm.dll+0x3720c1]
V  [jvm.dll+0x7f152c]
V  [jvm.dll+0x3f5d4f]
V  [jvm.dll+0x3f7981]
C  [jli.dll+0x528f]
C  [ucrtbase.dll+0x29363]
C  [KERNEL32.DLL+0x1257d]
C  [ntdll.dll+0x5aa58]


---------------  P R O C E S S  ---------------

Threads class SMR info:
_java_thread_list=0x00007fff995fef18, length=0, elements={
}

Java Threads: ( => current thread )

Other Threads:

=>0x00000280eecf8df0 (exited) JavaThread "Unknown thread" [_thread_in_vm, id=14080, stack(0x000000e447b00000,0x000000e447c00000)]

Threads with active compile tasks:

VM state: not at safepoint (not fully initialized)

VM Mutex/Monitor currently owned by a thread: None

Heap address: 0x0000000000000000, size: 0 MB, Compressed Oops mode: 32-bit

CDS archive(s) mapped at: [0x0000000000000000-0x0000000000000000-0x0000000000000000), size 0, SharedBaseAddress: 0x0000000800000000, ArchiveRelocationMode: 1.
Narrow klass base: 0x0000000000000000, Narrow klass shift: 0, Narrow klass range: 0x0

GC Precious Log:
<Empty>

GC Heap History (0 events):
No events

Dll operation events (1 events):
Event: 0.005 Loaded shared library C:\Users\Cassiopei\AppData\Local\JetBrains\Toolbox\apps\WebStorm\ch-0\232.10227.9\jbr\bin\java.dll

Deoptimization events (0 events):
No events

Classes unloaded (0 events):
No events

Classes redefined (0 events):
No events

Internal exceptions (0 events):
No events

VM Operations (0 events):
No events

Events (0 events):
No events


Dynamic libraries:
0x00007ff71c600000 - 0x00007ff71c60a000 	C:\Users\Cassiopei\AppData\Local\JetBrains\Toolbox\apps\WebStorm\ch-0\232.10227.9\jbr\bin\java.exe
0x00007ff950410000 - 0x00007ff950627000 	C:\WINDOWS\SYSTEM32\ntdll.dll
0x00007ff94f550000 - 0x00007ff94f614000 	C:\WINDOWS\System32\KERNEL32.DLL
0x00007ff94d800000 - 0x00007ff94dba6000 	C:\WINDOWS\System32\KERNELBASE.dll
0x00007ff94dd40000 - 0x00007ff94de51000 	C:\WINDOWS\System32\ucrtbase.dll
0x00007ff9307a0000 - 0x00007ff9307b7000 	C:\Users\Cassiopei\AppData\Local\JetBrains\Toolbox\apps\WebStorm\ch-0\232.10227.9\jbr\bin\jli.dll
0x00007ff92cc20000 - 0x00007ff92cc3b000 	C:\Users\Cassiopei\AppData\Local\JetBrains\Toolbox\apps\WebStorm\ch-0\232.10227.9\jbr\bin\VCRUNTIME140.dll
0x00007ff94fd90000 - 0x00007ff94ff3e000 	C:\WINDOWS\System32\USER32.dll
0x00007ff94c9a0000 - 0x00007ff94cc33000 	C:\WINDOWS\WinSxS\amd64_microsoft.windows.common-controls_6595b64144ccf1df_6.0.22621.2506_none_270c5ae97388e100\COMCTL32.dll
0x00007ff94dfc0000 - 0x00007ff94dfe6000 	C:\WINDOWS\System32\win32u.dll
0x00007ff94e1e0000 - 0x00007ff94e287000 	C:\WINDOWS\System32\msvcrt.dll
0x00007ff94f3f0000 - 0x00007ff94f419000 	C:\WINDOWS\System32\GDI32.dll
0x00007ff94dc20000 - 0x00007ff94dd38000 	C:\WINDOWS\System32\gdi32full.dll
0x00007ff94df20000 - 0x00007ff94dfba000 	C:\WINDOWS\System32\msvcp_win.dll
0x00007ff94e400000 - 0x00007ff94e431000 	C:\WINDOWS\System32\IMM32.DLL
0x00007ff93b750000 - 0x00007ff93b75c000 	C:\Users\Cassiopei\AppData\Local\JetBrains\Toolbox\apps\WebStorm\ch-0\232.10227.9\jbr\bin\vcruntime140_1.dll
0x00007ff912cf0000 - 0x00007ff912d7d000 	C:\Users\Cassiopei\AppData\Local\JetBrains\Toolbox\apps\WebStorm\ch-0\232.10227.9\jbr\bin\msvcp140.dll
0x00007fff98ac0000 - 0x00007fff99743000 	C:\Users\Cassiopei\AppData\Local\JetBrains\Toolbox\apps\WebStorm\ch-0\232.10227.9\jbr\bin\server\jvm.dll
0x00007ff94f770000 - 0x00007ff94f821000 	C:\WINDOWS\System32\ADVAPI32.dll
0x00007ff94f420000 - 0x00007ff94f4c5000 	C:\WINDOWS\System32\sechost.dll
0x00007ff94e290000 - 0x00007ff94e3a7000 	C:\WINDOWS\System32\RPCRT4.dll
0x00007ff8e8f20000 - 0x00007ff8e8f29000 	C:\WINDOWS\SYSTEM32\WSOCK32.dll
0x00007ff94e160000 - 0x00007ff94e1d1000 	C:\WINDOWS\System32\WS2_32.dll
0x00007ff941cd0000 - 0x00007ff941d04000 	C:\WINDOWS\SYSTEM32\WINMM.dll
0x00007ff94d0a0000 - 0x00007ff94d0ed000 	C:\WINDOWS\SYSTEM32\POWRPROF.dll
0x00007ff93ec10000 - 0x00007ff93ec1a000 	C:\WINDOWS\SYSTEM32\VERSION.dll
0x00007ff94cd40000 - 0x00007ff94cd53000 	C:\WINDOWS\SYSTEM32\UMPDC.dll
0x00007ff94bea0000 - 0x00007ff94beb8000 	C:\WINDOWS\SYSTEM32\kernel.appcore.dll
0x00007ff9437c0000 - 0x00007ff9437ca000 	C:\Users\Cassiopei\AppData\Local\JetBrains\Toolbox\apps\WebStorm\ch-0\232.10227.9\jbr\bin\jimage.dll
0x00007ff94d0f0000 - 0x00007ff94d323000 	C:\WINDOWS\SYSTEM32\DBGHELP.DLL
0x00007ff94ee30000 - 0x00007ff94f1b9000 	C:\WINDOWS\System32\combase.dll
0x00007ff94fcb0000 - 0x00007ff94fd87000 	C:\WINDOWS\System32\OLEAUT32.dll
0x00007ff94cf60000 - 0x00007ff94cf92000 	C:\WINDOWS\SYSTEM32\dbgcore.DLL
0x00007ff94d780000 - 0x00007ff94d7fa000 	C:\WINDOWS\System32\bcryptPrimitives.dll
0x00007ff930960000 - 0x00007ff930985000 	C:\Users\Cassiopei\AppData\Local\JetBrains\Toolbox\apps\WebStorm\ch-0\232.10227.9\jbr\bin\java.dll

dbghelp: loaded successfully - version: 4.0.5 - missing functions: none
symbol engine: initialized successfully - sym options: 0x614 - pdb path: .;C:\Users\Cassiopei\AppData\Local\JetBrains\Toolbox\apps\WebStorm\ch-0\232.10227.9\jbr\bin;C:\WINDOWS\SYSTEM32;C:\WINDOWS\WinSxS\amd64_microsoft.windows.common-controls_6595b64144ccf1df_6.0.22621.2506_none_270c5ae97388e100;C:\Users\Cassiopei\AppData\Local\JetBrains\Toolbox\apps\WebStorm\ch-0\232.10227.9\jbr\bin\server

VM Arguments:
java_command: git4idea.http.GitAskPassApp Password for 'https://cassiopei3@bitbucket.org': 
java_class_path (initial): C:/Users/Cassiopei/AppData/Local/JetBrains/Toolbox/apps/WebStorm/ch-0/232.10227.9/plugins/vcs-git/lib/git4idea-rt.jar;C:/Users/Cassiopei/AppData/Local/JetBrains/Toolbox/apps/WebStorm/ch-0/232.10227.9/lib/externalProcess-rt.jar
Launcher Type: SUN_STANDARD

[Global flags]
     intx CICompilerCount                          = 12                                        {product} {ergonomic}
     uint ConcGCThreads                            = 4                                         {product} {ergonomic}
     uint G1ConcRefinementThreads                  = 15                                        {product} {ergonomic}
   size_t G1HeapRegionSize                         = 2097152                                   {product} {ergonomic}
    uintx GCDrainStackTargetSize                   = 64                                        {product} {ergonomic}
   size_t InitialHeapSize                          = 264241152                                 {product} {ergonomic}
   size_t MarkStackSize                            = 4194304                                   {product} {ergonomic}
   size_t MaxHeapSize                              = 4215275520                                {product} {ergonomic}
   size_t MinHeapDeltaBytes                        = 2097152                                   {product} {ergonomic}
   size_t MinHeapSize                              = 8388608                                   {product} {ergonomic}
    uintx NonNMethodCodeHeapSize                   = 7602480                                {pd product} {ergonomic}
    uintx NonProfiledCodeHeapSize                  = 122027880                              {pd product} {ergonomic}
    uintx ProfiledCodeHeapSize                     = 122027880                              {pd product} {ergonomic}
    uintx ReservedCodeCacheSize                    = 251658240                              {pd product} {ergonomic}
     bool SegmentedCodeCache                       = true                                      {product} {ergonomic}
   size_t SoftMaxHeapSize                          = 4215275520                             {manageable} {ergonomic}
     bool UseCompressedClassPointers               = true                           {product lp64_product} {ergonomic}
     bool UseCompressedOops                        = true                           {product lp64_product} {ergonomic}
     bool UseG1GC                                  = true                                      {product} {ergonomic}
     bool UseLargePagesIndividualAllocation        = false                                  {pd product} {ergonomic}

Logging:
Log output configuration:
 #0: stdout all=warning uptime,level,tags
 #1: stderr all=off uptime,level,tags

Environment Variables:
PATH=C:\Program Files\Git\mingw64\libexec\git-core;C:\Program Files\Git\mingw64\libexec\git-core;C:\Program Files\Git\mingw64\bin;C:\Program Files\Git\usr\bin;C:\Users\Cassiopei\bin;C:\Users\Cassiopei\AppData\Roaming;C:\Program Files\Common Files\Oracle\Java\javapath;C:\Windows\system32;C:\Windows;C:\Windows\System32\Wbem;C:\Windows\System32\WindowsPowerShell\v1.0;C:\Windows\System32\OpenSSH;C:\Users\Cassiopei\AppData\Roaming\nvm;C:\Program Files\nodejs;C:\Program Files\dotnet;C:\ProgramData\chocolatey\bin;C:\WINDOWS\system32;C:\WINDOWS;C:\WINDOWS\System32\Wbem;C:\WINDOWS\System32\WindowsPowerShell\v1.0;C:\WINDOWS\System32\OpenSSH;C:\Program Files\NVIDIA Corporation\NVIDIA NvDLISR;C:\Program Files (x86)\NVIDIA Corporation\PhysX\Common;C:\Program Files\Docker\Docker\resources\bin;C:\Users\Cassiopei\AppData\Roaming\npm;C:\Program Files\GitHub CLI;C:\Program Files\PuTTY;C:\Program Files\Git\cmd;C:\Users\Cassiopei\AppData\Local\Programs\Python\Python312\Scripts;C:\Users\Cassiopei\AppData\Local\Programs\Python\Python312;C:\Users\Cassiopei\AppData\Local\pnpm;C:\Users\Cassiopei\AppData\Local\GitHubDesktop\bin;C:\Users\Cassiopei\AppData\Local\Programs\Microsoft VS Code\bin;C:\Users\Cassiopei\AppData\Local\Google\Cloud SDK\google-cloud-sdk\bin;C:\Program Files\JetBrains\PyCharm 2023.3.1\bin
USERNAME=Cassiopei
DISPLAY=:0.0
LC_ALL=en_US.UTF-8
TERM=xterm-256color
TMPDIR=C:\Users\CASSIO~1\AppData\Local\Temp
OS=Windows_NT
PROCESSOR_IDENTIFIER=Intel64 Family 6 Model 154 Stepping 3, GenuineIntel
TMP=C:\Users\CASSIO~1\AppData\Local\Temp
TEMP=C:\Users\CASSIO~1\AppData\Local\Temp



Periodic native trim disabled

JNI global refs:
JNI global refs: 0, weak refs: 0

JNI global refs memory usage: 0, weak refs: 0

OOME stack traces (most recent first):
Classloader memory used:


---------------  S Y S T E M  ---------------

OS:
 Windows 11 , 64 bit Build 22621 (10.0.22621.2506)
OS uptime: 0 days 14:23 hours
Hyper-V role detected

CPU: total 20 (initial active 20) (10 cores per cpu, 2 threads per core) family 6 model 154 stepping 3 microcode 0x41c, cx8, cmov, fxsr, ht, mmx, 3dnowpref, sse, sse2, sse3, ssse3, sse4.1, sse4.2, popcnt, lzcnt, tsc, tscinvbit, avx, avx2, aes, erms, clmul, bmi1, bmi2, adx, sha, fma, vzeroupper, clflush, clflushopt, clwb, hv
Processor Information for processor 0
  Max Mhz: 2300, Current Mhz: 2300, Mhz Limit: 2300
Processor Information for processor 1
  Max Mhz: 2300, Current Mhz: 2300, Mhz Limit: 2300
Processor Information for processor 2
  Max Mhz: 2300, Current Mhz: 2300, Mhz Limit: 2300
Processor Information for processor 3
  Max Mhz: 2300, Current Mhz: 2300, Mhz Limit: 2300
Processor Information for processor 4
  Max Mhz: 2300, Current Mhz: 2300, Mhz Limit: 2300
Processor Information for processor 5
  Max Mhz: 2300, Current Mhz: 2300, Mhz Limit: 2300
Processor Information for processor 6
  Max Mhz: 2300, Current Mhz: 2300, Mhz Limit: 2300
Processor Information for processor 7
  Max Mhz: 2300, Current Mhz: 2300, Mhz Limit: 2300
Processor Information for processor 8
  Max Mhz: 2300, Current Mhz: 2300, Mhz Limit: 2300
Processor Information for processor 9
  Max Mhz: 2300, Current Mhz: 2300, Mhz Limit: 2300
Processor Information for processor 10
  Max Mhz: 2300, Current Mhz: 2300, Mhz Limit: 2300
Processor Information for processor 11
  Max Mhz: 2300, Current Mhz: 2300, Mhz Limit: 2300
Processor Information for processor 12
  Max Mhz: 2300, Current Mhz: 1700, Mhz Limit: 1679
Processor Information for processor 13
  Max Mhz: 2300, Current Mhz: 1700, Mhz Limit: 1679
Processor Information for processor 14
  Max Mhz: 2300, Current Mhz: 1700, Mhz Limit: 1679
Processor Information for processor 15
  Max Mhz: 2300, Current Mhz: 1700, Mhz Limit: 1679
Processor Information for processor 16
  Max Mhz: 2300, Current Mhz: 1700, Mhz Limit: 1679
Processor Information for processor 17
  Max Mhz: 2300, Current Mhz: 1700, Mhz Limit: 1679
Processor Information for processor 18
  Max Mhz: 2300, Current Mhz: 1700, Mhz Limit: 1679
Processor Information for processor 19
  Max Mhz: 2300, Current Mhz: 1700, Mhz Limit: 1679

Memory: 4k page, system-wide physical 16075M (5331M free)
TotalPageFile size 41051M (AvailPageFile size 5M)
current process WorkingSet (physical memory assigned to process): 10M, peak: 10M
current process commit charge ("private bytes"): 23M, peak: 24M

vm_info: OpenJDK 64-Bit Server VM (17.0.9+7-b1000.46) for windows-amd64 JRE (17.0.9+7-b1000.46), built on 2023-10-27 by "builduser" with MS VC++ 16.10 / 16.11 (VS2019)

END.
