{
  "0 debug pnpm:scope": {
    "selected": 1
  },
  "1 error pnpm": {
    "message": {
      "errno": 1,
      "code": "ELIFECYCLE",
      "pkgid": "b2b@0.0.0",
      "stage": "build:site",
      "script": "nx build site --prod",
      "pkgname": "b2b"
    },
    "err": {
      "name": "PasswordError",
      "message": "b2b@0.0.0 build:site: `nx build site --prod`\nExit status 1",
      "code": "ELIFECYCLE",
      "stack": "PasswordError: b2b@0.0.0 build:site: `nx build site --prod`\nExit status 1\n    at EventEmitter.<anonymous> (/usr/local/pnpm-global/4/node_modules/.pnpm/pnpm@5.18.9/node_modules/pnpm/dist/pnpm.js:103159:18)\n    at EventEmitter.emit (events.js:315:20)\n    at ChildProcess.<anonymous> (/usr/local/pnpm-global/4/node_modules/.pnpm/pnpm@5.18.9/node_modules/pnpm/dist/pnpm.js:88733:16)\n    at ChildProcess.emit (events.js:315:20)\n    at maybeClose (internal/child_process.js:1048:16)\n    at Process.ChildProcess._handle.onexit (internal/child_process.js:288:5)"
    }
  }
}
